1615983136360	geckodriver	INFO	Listening on 127.0.0.1:50731
1615983137233	mozrunner::runner	INFO	Running command: "/Applications/Firefox.app/Contents/MacOS/firefox-bin" "--marionette" "-foreground" "-no-remote" "-profile" "/var/folders/79/cf0w92k53x70clrq4m8z6bl40000gp/T/rust_mozprofiletfPVrY"
console.warn: SearchSettings: "get: No settings file exists, new profile?" (new Error("", "(unknown module)"))
1615983144806	Marionette	INFO	Listening on port 50745
1615983144871	Marionette	WARN	TLS certificate errors will be ignored for this session
1615983169595	Marionette	INFO	Stopped listening on port 50745
1615983189611	geckodriver	INFO	Listening on 127.0.0.1:50884
1615983190656	mozrunner::runner	INFO	Running command: "/Applications/Firefox.app/Contents/MacOS/firefox-bin" "--marionette" "-foreground" "-no-remote" "-profile" "/var/folders/79/cf0w92k53x70clrq4m8z6bl40000gp/T/rust_mozprofileUgZ2iB"
console.warn: SearchSettings: "get: No settings file exists, new profile?" (new Error("", "(unknown module)"))
1615983194160	Marionette	INFO	Listening on port 50897
1615983194291	Marionette	WARN	TLS certificate errors will be ignored for this session
1615983223555	geckodriver	INFO	Listening on 127.0.0.1:50990
1615983224564	mozrunner::runner	INFO	Running command: "/Applications/Firefox.app/Contents/MacOS/firefox-bin" "--marionette" "-foreground" "-no-remote" "-profile" "/var/folders/79/cf0w92k53x70clrq4m8z6bl40000gp/T/rust_mozprofileALeWS8"
console.warn: SearchSettings: "get: No settings file exists, new profile?" (new Error("", "(unknown module)"))
1615983227549	Marionette	INFO	Listening on port 51002
1615983227670	Marionette	WARN	TLS certificate errors will be ignored for this session
1615983229601	Marionette	INFO	Stopped listening on port 51002
1615983329392	geckodriver	INFO	Listening on 127.0.0.1:51132
1615983330418	mozrunner::runner	INFO	Running command: "/Applications/Firefox.app/Contents/MacOS/firefox-bin" "--marionette" "-foreground" "-no-remote" "-profile" "/var/folders/79/cf0w92k53x70clrq4m8z6bl40000gp/T/rust_mozprofileU0d4kx"
console.warn: SearchSettings: "get: No settings file exists, new profile?" (new Error("", "(unknown module)"))
1615983333229	Marionette	INFO	Listening on port 51145
1615983333287	Marionette	WARN	TLS certificate errors will be ignored for this session
1615983349714	Marionette	INFO	Stopped listening on port 50897

###!!! [Parent][RunMessage] Error: Channel closing: too late to send/recv, messages will be lost


###!!! [Child][MessageChannel] Error: (msgtype=0x5C0009,name=PHttpChannel::Msg_DeletingChannel) Channel closing: too late to send/recv, messages will be lost


###!!! [Child][MessageChannel] Error: (msgtype=0x5C0004,name=PHttpChannel::Msg_Cancel) Channel closing: too late to send/recv, messages will be lost


###!!! [Child][MessageChannel] Error: (msgtype=0x5C0009,name=PHttpChannel::Msg_DeletingChannel) Channel closing: too late to send/recv, messages will be lost

1615983351695	Marionette	INFO	Stopped listening on port 51145

###!!! [Parent][RunMessage] Error: Channel closing: too late to send/recv, messages will be lost

1615984453853	geckodriver	INFO	Listening on 127.0.0.1:52712
1615984454871	mozrunner::runner	INFO	Running command: "/Applications/Firefox.app/Contents/MacOS/firefox-bin" "--marionette" "-foreground" "-no-remote" "-profile" "/var/folders/79/cf0w92k53x70clrq4m8z6bl40000gp/T/rust_mozprofileq0ZUOS"
console.warn: SearchSettings: "get: No settings file exists, new profile?" (new Error("", "(unknown module)"))
1615984458007	Marionette	INFO	Listening on port 52726
1615984458077	Marionette	WARN	TLS certificate errors will be ignored for this session
console.log: WebExtensions: reset-default-search: No addons in our list are installed.
1615985019936	Marionette	INFO	Stopped listening on port 52726

###!!! [Parent][RunMessage] Error: Channel closing: too late to send/recv, messages will be lost

1615985463659	geckodriver	INFO	Listening on 127.0.0.1:52997
1615985464673	mozrunner::runner	INFO	Running command: "/Applications/Firefox.app/Contents/MacOS/firefox-bin" "--marionette" "-foreground" "-no-remote" "-profile" "/var/folders/79/cf0w92k53x70clrq4m8z6bl40000gp/T/rust_mozprofileruvPHE"
console.warn: SearchSettings: "get: No settings file exists, new profile?" (new Error("", "(unknown module)"))
1615985467840	Marionette	INFO	Listening on port 53009
1615985467867	Marionette	WARN	TLS certificate errors will be ignored for this session
1615985559019	geckodriver	INFO	Listening on 127.0.0.1:53116
1615985560027	mozrunner::runner	INFO	Running command: "/Applications/Firefox.app/Contents/MacOS/firefox-bin" "--marionette" "-foreground" "-no-remote" "-profile" "/var/folders/79/cf0w92k53x70clrq4m8z6bl40000gp/T/rust_mozprofileWVp5So"
console.warn: SearchSettings: "get: No settings file exists, new profile?" (new Error("", "(unknown module)"))
1615985563161	Marionette	INFO	Listening on port 53128
1615985563214	Marionette	WARN	TLS certificate errors will be ignored for this session
1615985570832	Marionette	INFO	Stopped listening on port 53009

###!!! [Parent][RunMessage] Error: Channel closing: too late to send/recv, messages will be lost

1615985582594	Marionette	INFO	Stopped listening on port 53128

###!!! [Parent][RunMessage] Error: Channel closing: too late to send/recv, messages will be lost

1615985625498	geckodriver	INFO	Listening on 127.0.0.1:53231
1615985626520	mozrunner::runner	INFO	Running command: "/Applications/Firefox.app/Contents/MacOS/firefox-bin" "--marionette" "-foreground" "-no-remote" "-profile" "/var/folders/79/cf0w92k53x70clrq4m8z6bl40000gp/T/rust_mozprofilemNjPz3"
console.warn: SearchSettings: "get: No settings file exists, new profile?" (new Error("", "(unknown module)"))
1615985629732	Marionette	INFO	Listening on port 53243
1615985629830	Marionette	WARN	TLS certificate errors will be ignored for this session
1615985708533	geckodriver	INFO	Listening on 127.0.0.1:53358
1615985709545	mozrunner::runner	INFO	Running command: "/Applications/Firefox.app/Contents/MacOS/firefox-bin" "--marionette" "-foreground" "-no-remote" "-profile" "/var/folders/79/cf0w92k53x70clrq4m8z6bl40000gp/T/rust_mozprofileZEwW87"
console.warn: SearchSettings: "get: No settings file exists, new profile?" (new Error("", "(unknown module)"))
1615985712530	Marionette	INFO	Listening on port 53370
1615985712619	Marionette	WARN	TLS certificate errors will be ignored for this session
1615985737614	geckodriver	INFO	Listening on 127.0.0.1:53461
1615985738632	mozrunner::runner	INFO	Running command: "/Applications/Firefox.app/Contents/MacOS/firefox-bin" "--marionette" "-foreground" "-no-remote" "-profile" "/var/folders/79/cf0w92k53x70clrq4m8z6bl40000gp/T/rust_mozprofileNOvYBS"
console.warn: SearchSettings: "get: No settings file exists, new profile?" (new Error("", "(unknown module)"))
1615985741680	Marionette	INFO	Listening on port 53475
1615985741716	Marionette	WARN	TLS certificate errors will be ignored for this session
1615985764891	Marionette	INFO	Stopped listening on port 53475
1615985848735	geckodriver	INFO	Listening on 127.0.0.1:53634
1615985849753	mozrunner::runner	INFO	Running command: "/Applications/Firefox.app/Contents/MacOS/firefox-bin" "--marionette" "-foreground" "-no-remote" "-profile" "/var/folders/79/cf0w92k53x70clrq4m8z6bl40000gp/T/rust_mozprofile4phAgH"
console.warn: SearchSettings: "get: No settings file exists, new profile?" (new Error("", "(unknown module)"))
1615985852669	Marionette	INFO	Listening on port 53646
1615985852747	Marionette	WARN	TLS certificate errors will be ignored for this session
1615985875873	Marionette	INFO	Stopped listening on port 53646

###!!! [Parent][RunMessage] Error: Channel closing: too late to send/recv, messages will be lost

console.log: WebExtensions: reset-default-search: No addons in our list are installed.
1615986175777	geckodriver	INFO	Listening on 127.0.0.1:53894
1615986176793	mozrunner::runner	INFO	Running command: "/Applications/Firefox.app/Contents/MacOS/firefox-bin" "--marionette" "-foreground" "-no-remote" "-profile" "/var/folders/79/cf0w92k53x70clrq4m8z6bl40000gp/T/rust_mozprofileDk9aRd"
console.warn: SearchSettings: "get: No settings file exists, new profile?" (new Error("", "(unknown module)"))
1615986181362	Marionette	INFO	Listening on port 53905
1615986181436	Marionette	WARN	TLS certificate errors will be ignored for this session
1615986190002	Marionette	INFO	Stopped listening on port 53243
1615986192964	Marionette	INFO	Stopped listening on port 53905
1615986195181	Marionette	INFO	Stopped listening on port 53370
1615986215835	geckodriver	INFO	Listening on 127.0.0.1:54052
1615986216856	mozrunner::runner	INFO	Running command: "/Applications/Firefox.app/Contents/MacOS/firefox-bin" "--marionette" "-foreground" "-no-remote" "-profile" "/var/folders/79/cf0w92k53x70clrq4m8z6bl40000gp/T/rust_mozprofilegG7j94"
console.warn: SearchSettings: "get: No settings file exists, new profile?" (new Error("", "(unknown module)"))
1615986219737	Marionette	INFO	Listening on port 54063
1615986219848	Marionette	WARN	TLS certificate errors will be ignored for this session
1615986231172	Marionette	INFO	Stopped listening on port 54063

###!!! [Parent][RunMessage] Error: Channel closing: too late to send/recv, messages will be lost

1615986369605	geckodriver	INFO	Listening on 127.0.0.1:54208
1615986370619	mozrunner::runner	INFO	Running command: "/Applications/Firefox.app/Contents/MacOS/firefox-bin" "--marionette" "-foreground" "-no-remote" "-profile" "/var/folders/79/cf0w92k53x70clrq4m8z6bl40000gp/T/rust_mozprofileIy6zhH"
console.warn: SearchSettings: "get: No settings file exists, new profile?" (new Error("", "(unknown module)"))
1615986374216	Marionette	INFO	Listening on port 54219
1615986374329	Marionette	WARN	TLS certificate errors will be ignored for this session
1615986385643	Marionette	INFO	Stopped listening on port 54219

###!!! [Parent][RunMessage] Error: Channel closing: too late to send/recv, messages will be lost

1615986615082	geckodriver	INFO	Listening on 127.0.0.1:54460
1615986616084	mozrunner::runner	INFO	Running command: "/Applications/Firefox.app/Contents/MacOS/firefox-bin" "--marionette" "-foreground" "-no-remote" "-profile" "/var/folders/79/cf0w92k53x70clrq4m8z6bl40000gp/T/rust_mozprofilehDXyhR"
console.warn: SearchSettings: "get: No settings file exists, new profile?" (new Error("", "(unknown module)"))
1615986619727	Marionette	INFO	Listening on port 54471
1615986619765	Marionette	WARN	TLS certificate errors will be ignored for this session
1615986620355	Marionette	INFO	Stopped listening on port 54471
1615986702788	geckodriver	INFO	Listening on 127.0.0.1:54578
1615986703814	mozrunner::runner	INFO	Running command: "/Applications/Firefox.app/Contents/MacOS/firefox-bin" "--marionette" "-foreground" "-no-remote" "-profile" "/var/folders/79/cf0w92k53x70clrq4m8z6bl40000gp/T/rust_mozprofilehf6ugq"
console.warn: SearchSettings: "get: No settings file exists, new profile?" (new Error("", "(unknown module)"))
1615986707327	Marionette	INFO	Listening on port 54589
1615986707424	Marionette	WARN	TLS certificate errors will be ignored for this session
1615986708217	Marionette	INFO	Stopped listening on port 54589

###!!! [Parent][RunMessage] Error: Channel closing: too late to send/recv, messages will be lost

1615986762823	geckodriver	INFO	Listening on 127.0.0.1:54701
1615986763879	mozrunner::runner	INFO	Running command: "/Applications/Firefox.app/Contents/MacOS/firefox-bin" "--marionette" "-foreground" "-no-remote" "-profile" "/var/folders/79/cf0w92k53x70clrq4m8z6bl40000gp/T/rust_mozprofilevb7bOO"
console.warn: SearchSettings: "get: No settings file exists, new profile?" (new Error("", "(unknown module)"))
1615986767554	Marionette	INFO	Listening on port 54712
1615986767610	Marionette	WARN	TLS certificate errors will be ignored for this session
1615986768324	Marionette	INFO	Stopped listening on port 54712
JavaScript error: resource://activity-stream/lib/ASRouter.jsm, line 988: NS_ERROR_ILLEGAL_VALUE: Component returned failure code: 0x80070057 (NS_ERROR_ILLEGAL_VALUE) [nsIObserverService.removeObserver]
1615986859000	geckodriver	INFO	Listening on 127.0.0.1:54830
1615986860015	mozrunner::runner	INFO	Running command: "/Applications/Firefox.app/Contents/MacOS/firefox-bin" "--marionette" "-foreground" "-no-remote" "-profile" "/var/folders/79/cf0w92k53x70clrq4m8z6bl40000gp/T/rust_mozprofileaFSMxS"
console.warn: SearchSettings: "get: No settings file exists, new profile?" (new Error("", "(unknown module)"))
1615986862955	Marionette	INFO	Listening on port 54841
1615986862993	Marionette	WARN	TLS certificate errors will be ignored for this session
1615986863354	Marionette	INFO	Stopped listening on port 54841
JavaScript error: resource://activity-stream/lib/ASRouter.jsm, line 988: NS_ERROR_ILLEGAL_VALUE: Component returned failure code: 0x80070057 (NS_ERROR_ILLEGAL_VALUE) [nsIObserverService.removeObserver]

###!!! [Parent][RunMessage] Error: Channel closing: too late to send/recv, messages will be lost

1615986890695	geckodriver	INFO	Listening on 127.0.0.1:54933
1615986891717	mozrunner::runner	INFO	Running command: "/Applications/Firefox.app/Contents/MacOS/firefox-bin" "--marionette" "-foreground" "-no-remote" "-profile" "/var/folders/79/cf0w92k53x70clrq4m8z6bl40000gp/T/rust_mozprofileoe2jXd"
console.warn: SearchSettings: "get: No settings file exists, new profile?" (new Error("", "(unknown module)"))
1615986894653	Marionette	INFO	Listening on port 54944
1615986894717	Marionette	WARN	TLS certificate errors will be ignored for this session
1615986895038	Marionette	INFO	Stopped listening on port 54944
JavaScript error: resource://activity-stream/lib/ASRouter.jsm, line 988: NS_ERROR_ILLEGAL_VALUE: Component returned failure code: 0x80070057 (NS_ERROR_ILLEGAL_VALUE) [nsIObserverService.removeObserver]

###!!! [Parent][RunMessage] Error: Channel closing: too late to send/recv, messages will be lost

